[debug] [2023-04-24T15:42:01.733Z] ----------------------------------------------------------------------
[debug] [2023-04-24T15:42:01.735Z] Command:       C:\Program Files\nodejs\node.exe C:\Users\Connor Herfurth\AppData\Roaming\npm\node_modules\firebase-tools\lib\bin\firebase.js deploy
[debug] [2023-04-24T15:42:01.736Z] CLI Version:   11.26.0
[debug] [2023-04-24T15:42:01.736Z] Platform:      win32
[debug] [2023-04-24T15:42:01.736Z] Node Version:  v18.12.1
[debug] [2023-04-24T15:42:01.737Z] Time:          Mon Apr 24 2023 11:42:01 GMT-0400 (Eastern Daylight Time)
[debug] [2023-04-24T15:42:01.737Z] ----------------------------------------------------------------------
[debug] 
[debug] [2023-04-24T15:42:01.860Z] > command requires scopes: ["email","openid","https://www.googleapis.com/auth/cloudplatformprojects.readonly","https://www.googleapis.com/auth/firebase","https://www.googleapis.com/auth/cloud-platform"]
[debug] [2023-04-24T15:42:01.860Z] > authorizing via signed-in user (cjh00023@mix.wvu.edu)
[debug] [2023-04-24T15:42:01.861Z] [iam] checking project suggestoons-app for permissions ["cloudfunctions.functions.create","cloudfunctions.functions.delete","cloudfunctions.functions.get","cloudfunctions.functions.list","cloudfunctions.functions.update","cloudfunctions.operations.get","firebase.projects.get"]
[debug] [2023-04-24T15:42:01.863Z] >>> [apiv2][query] POST https://cloudresourcemanager.googleapis.com/v1/projects/suggestoons-app:testIamPermissions [none]
[debug] [2023-04-24T15:42:01.863Z] >>> [apiv2][(partial)header] POST https://cloudresourcemanager.googleapis.com/v1/projects/suggestoons-app:testIamPermissions x-goog-quota-user=projects/suggestoons-app
[debug] [2023-04-24T15:42:01.863Z] >>> [apiv2][body] POST https://cloudresourcemanager.googleapis.com/v1/projects/suggestoons-app:testIamPermissions {"permissions":["cloudfunctions.functions.create","cloudfunctions.functions.delete","cloudfunctions.functions.get","cloudfunctions.functions.list","cloudfunctions.functions.update","cloudfunctions.operations.get","firebase.projects.get"]}
[debug] [2023-04-24T15:42:02.126Z] <<< [apiv2][status] POST https://cloudresourcemanager.googleapis.com/v1/projects/suggestoons-app:testIamPermissions 200
[debug] [2023-04-24T15:42:02.127Z] <<< [apiv2][body] POST https://cloudresourcemanager.googleapis.com/v1/projects/suggestoons-app:testIamPermissions {"permissions":["cloudfunctions.functions.create","cloudfunctions.functions.delete","cloudfunctions.functions.get","cloudfunctions.functions.list","cloudfunctions.functions.update","cloudfunctions.operations.get","firebase.projects.get"]}
[debug] [2023-04-24T15:42:02.128Z] >>> [apiv2][query] POST https://iam.googleapis.com/v1/projects/suggestoons-app/serviceAccounts/suggestoons-app@appspot.gserviceaccount.com:testIamPermissions [none]
[debug] [2023-04-24T15:42:02.128Z] >>> [apiv2][body] POST https://iam.googleapis.com/v1/projects/suggestoons-app/serviceAccounts/suggestoons-app@appspot.gserviceaccount.com:testIamPermissions {"permissions":["iam.serviceAccounts.actAs"]}
[debug] [2023-04-24T15:42:02.316Z] <<< [apiv2][status] POST https://iam.googleapis.com/v1/projects/suggestoons-app/serviceAccounts/suggestoons-app@appspot.gserviceaccount.com:testIamPermissions 200
[debug] [2023-04-24T15:42:02.317Z] <<< [apiv2][body] POST https://iam.googleapis.com/v1/projects/suggestoons-app/serviceAccounts/suggestoons-app@appspot.gserviceaccount.com:testIamPermissions {"permissions":["iam.serviceAccounts.actAs"]}
[info] 
[info] === Deploying to 'suggestoons-app'...
[info] 
[info] i  deploying functions 
[debug] [2023-04-24T15:42:02.330Z] >>> [apiv2][query] GET https://firebase.googleapis.com/v1beta1/projects/suggestoons-app [none]
[debug] [2023-04-24T15:42:02.823Z] <<< [apiv2][status] GET https://firebase.googleapis.com/v1beta1/projects/suggestoons-app 200
[debug] [2023-04-24T15:42:02.824Z] <<< [apiv2][body] GET https://firebase.googleapis.com/v1beta1/projects/suggestoons-app {"projectId":"suggestoons-app","projectNumber":"241615938941","displayName":"Suggestunes-app","name":"projects/suggestoons-app","resources":{"hostingSite":"suggestoons-app","realtimeDatabaseInstance":"suggestoons-app-default-rtdb","storageBucket":"suggestoons-app.appspot.com","locationId":"us-central"},"state":"ACTIVE","etag":"1_eeab7300-30be-44cf-a153-05c6f3aabdab"}
[info] i  functions: preparing codebase default for deployment 
[info] i  functions: ensuring required API cloudfunctions.googleapis.com is enabled... 
[info] i  functions: ensuring required API cloudbuild.googleapis.com is enabled... 
[info] i  artifactregistry: ensuring required API artifactregistry.googleapis.com is enabled... 
[debug] [2023-04-24T15:42:02.832Z] >>> [apiv2][query] GET https://serviceusage.googleapis.com/v1/projects/suggestoons-app/services/cloudfunctions.googleapis.com [none]
[debug] [2023-04-24T15:42:02.833Z] >>> [apiv2][(partial)header] GET https://serviceusage.googleapis.com/v1/projects/suggestoons-app/services/cloudfunctions.googleapis.com x-goog-quota-user=projects/suggestoons-app
[debug] [2023-04-24T15:42:02.836Z] >>> [apiv2][query] GET https://serviceusage.googleapis.com/v1/projects/suggestoons-app/services/runtimeconfig.googleapis.com [none]
[debug] [2023-04-24T15:42:02.836Z] >>> [apiv2][(partial)header] GET https://serviceusage.googleapis.com/v1/projects/suggestoons-app/services/runtimeconfig.googleapis.com x-goog-quota-user=projects/suggestoons-app
[debug] [2023-04-24T15:42:02.838Z] >>> [apiv2][query] GET https://serviceusage.googleapis.com/v1/projects/suggestoons-app/services/cloudbuild.googleapis.com [none]
[debug] [2023-04-24T15:42:02.838Z] >>> [apiv2][(partial)header] GET https://serviceusage.googleapis.com/v1/projects/suggestoons-app/services/cloudbuild.googleapis.com x-goog-quota-user=projects/suggestoons-app
[debug] [2023-04-24T15:42:02.842Z] >>> [apiv2][query] GET https://serviceusage.googleapis.com/v1/projects/suggestoons-app/services/artifactregistry.googleapis.com [none]
[debug] [2023-04-24T15:42:02.842Z] >>> [apiv2][(partial)header] GET https://serviceusage.googleapis.com/v1/projects/suggestoons-app/services/artifactregistry.googleapis.com x-goog-quota-user=projects/suggestoons-app
[debug] [2023-04-24T15:42:03.341Z] <<< [apiv2][status] GET https://serviceusage.googleapis.com/v1/projects/suggestoons-app/services/runtimeconfig.googleapis.com 200
[debug] [2023-04-24T15:42:03.341Z] <<< [apiv2][body] GET https://serviceusage.googleapis.com/v1/projects/suggestoons-app/services/runtimeconfig.googleapis.com [omitted]
[debug] [2023-04-24T15:42:03.342Z] <<< [apiv2][status] GET https://serviceusage.googleapis.com/v1/projects/suggestoons-app/services/artifactregistry.googleapis.com 200
[debug] [2023-04-24T15:42:03.342Z] <<< [apiv2][body] GET https://serviceusage.googleapis.com/v1/projects/suggestoons-app/services/artifactregistry.googleapis.com [omitted]
[info] +  artifactregistry: required API artifactregistry.googleapis.com is enabled 
[debug] [2023-04-24T15:42:03.345Z] <<< [apiv2][status] GET https://serviceusage.googleapis.com/v1/projects/suggestoons-app/services/cloudbuild.googleapis.com 200
[debug] [2023-04-24T15:42:03.345Z] <<< [apiv2][body] GET https://serviceusage.googleapis.com/v1/projects/suggestoons-app/services/cloudbuild.googleapis.com [omitted]
[info] +  functions: required API cloudbuild.googleapis.com is enabled 
[debug] [2023-04-24T15:42:03.347Z] <<< [apiv2][status] GET https://serviceusage.googleapis.com/v1/projects/suggestoons-app/services/cloudfunctions.googleapis.com 200
[debug] [2023-04-24T15:42:03.347Z] <<< [apiv2][body] GET https://serviceusage.googleapis.com/v1/projects/suggestoons-app/services/cloudfunctions.googleapis.com [omitted]
[info] +  functions: required API cloudfunctions.googleapis.com is enabled 
[debug] [2023-04-24T15:42:03.350Z] >>> [apiv2][query] GET https://firebase.googleapis.com/v1beta1/projects/suggestoons-app/adminSdkConfig [none]
[debug] [2023-04-24T15:42:03.641Z] <<< [apiv2][status] GET https://firebase.googleapis.com/v1beta1/projects/suggestoons-app/adminSdkConfig 200
[debug] [2023-04-24T15:42:03.641Z] <<< [apiv2][body] GET https://firebase.googleapis.com/v1beta1/projects/suggestoons-app/adminSdkConfig {"projectId":"suggestoons-app","databaseURL":"https://suggestoons-app-default-rtdb.firebaseio.com","storageBucket":"suggestoons-app.appspot.com","locationId":"us-central"}
[debug] [2023-04-24T15:42:03.642Z] >>> [apiv2][query] GET https://runtimeconfig.googleapis.com/v1beta1/projects/suggestoons-app/configs [none]
[debug] [2023-04-24T15:42:03.862Z] <<< [apiv2][status] GET https://runtimeconfig.googleapis.com/v1beta1/projects/suggestoons-app/configs 200
[debug] [2023-04-24T15:42:03.863Z] <<< [apiv2][body] GET https://runtimeconfig.googleapis.com/v1beta1/projects/suggestoons-app/configs {}
[debug] [2023-04-24T15:42:03.867Z] Validating nodejs source
[debug] [2023-04-24T15:42:05.539Z] > [functions] package.json contents: {
  "name": "functions",
  "description": "Cloud Functions for Firebase",
  "scripts": {
    "serve": "firebase emulators:start --only functions",
    "shell": "firebase functions:shell",
    "start": "npm run shell",
    "deploy": "firebase deploy --only functions",
    "logs": "firebase functions:log"
  },
  "engines": {
    "node": "16"
  },
  "main": "index.js",
  "dependencies": {
    "firebase-admin": "^11.5.0",
    "firebase-functions": "^4.2.0"
  },
  "devDependencies": {
    "firebase-functions-test": "^3.0.0"
  },
  "private": true
}
[debug] [2023-04-24T15:42:05.539Z] Building nodejs source
[debug] [2023-04-24T15:42:05.541Z] Could not find functions.yaml. Must use http discovery
[debug] [2023-04-24T15:42:05.570Z] Found firebase-functions binary at 'C:\Users\Connor Herfurth\Documents\GitHub\Suggestunes\Suggestunes\functions\node_modules\.bin\firebase-functions'
[debug] [2023-04-24T15:42:05.850Z] Serving at port 8047

[debug] [2023-04-24T15:42:06.312Z] Got response from /__/functions.yaml {"endpoints":{"getTokens":{"platform":"gcfv1","availableMemoryMb":null,"timeoutSeconds":null,"minInstances":null,"maxInstances":null,"ingressSettings":null,"serviceAccountEmail":null,"vpc":null,"httpsTrigger":{},"entryPoint":"getTokens"}},"specVersion":"v1alpha1","requiredAPIs":[]}
[debug] [2023-04-24T15:42:06.320Z] shutdown requested via /__/quitquitquit

[info] i  functions: preparing functions directory for uploading... 
[info] i  functions: packaged C:\Users\Connor Herfurth\Documents\GitHub\Suggestunes\Suggestunes\functions (66.12 KB) for uploading 
[debug] [2023-04-24T15:42:06.442Z] >>> [apiv2][query] GET https://cloudfunctions.googleapis.com/v1/projects/suggestoons-app/locations/-/functions [none]
[debug] [2023-04-24T15:42:07.020Z] <<< [apiv2][status] GET https://cloudfunctions.googleapis.com/v1/projects/suggestoons-app/locations/-/functions 200
[debug] [2023-04-24T15:42:07.020Z] <<< [apiv2][body] GET https://cloudfunctions.googleapis.com/v1/projects/suggestoons-app/locations/-/functions {"functions":[{"name":"projects/suggestoons-app/locations/us-central1/functions/getTokens","httpsTrigger":{"url":"https://us-central1-suggestoons-app.cloudfunctions.net/getTokens","securityLevel":"SECURE_ALWAYS"},"status":"ACTIVE","entryPoint":"getTokens","timeout":"60s","availableMemoryMb":256,"serviceAccountEmail":"suggestoons-app@appspot.gserviceaccount.com","updateTime":"2023-04-24T15:32:25.714Z","versionId":"6","labels":{"deployment-tool":"cli-firebase","firebase-functions-hash":"299c5e4479a1ed5268d28c2fe3d4b968384a7783"},"sourceUploadUrl":"https://storage.googleapis.com/uploads-125602722908.us-central1.cloudfunctions.appspot.com/71495b6c-6a40-40ab-901b-48257db447a6.zip","environmentVariables":{"FIREBASE_CONFIG":"{\"projectId\":\"suggestoons-app\",\"databaseURL\":\"https://suggestoons-app-default-rtdb.firebaseio.com\",\"storageBucket\":\"suggestoons-app.appspot.com\",\"locationId\":\"us-central\"}","GCLOUD_PROJECT":"suggestoons-app","EVENTARC_CLOUD_EVENT_SOURCE":"projects/suggestoons-app/locations/us-central1/functions/getTokens"},"runtime":"nodejs16","ingressSettings":"ALLOW_ALL","buildId":"c2523ca5-33c0-459b-acba-ecc8a25c6b55","buildName":"projects/241615938941/locations/us-central1/builds/c2523ca5-33c0-459b-acba-ecc8a25c6b55","dockerRegistry":"ARTIFACT_REGISTRY"}]}
[debug] [2023-04-24T15:42:07.023Z] >>> [apiv2][query] GET https://cloudfunctions.googleapis.com/v2/projects/suggestoons-app/locations/-/functions filter=environment%3D%22GEN_2%22
[debug] [2023-04-24T15:42:07.739Z] <<< [apiv2][status] GET https://cloudfunctions.googleapis.com/v2/projects/suggestoons-app/locations/-/functions 200
[debug] [2023-04-24T15:42:07.739Z] <<< [apiv2][body] GET https://cloudfunctions.googleapis.com/v2/projects/suggestoons-app/locations/-/functions {}
[debug] [2023-04-24T15:42:07.747Z] >>> [apiv2][query] GET https://firebase.googleapis.com/v1beta1/projects/suggestoons-app [none]
[debug] [2023-04-24T15:42:08.003Z] <<< [apiv2][status] GET https://firebase.googleapis.com/v1beta1/projects/suggestoons-app 200
[debug] [2023-04-24T15:42:08.004Z] <<< [apiv2][body] GET https://firebase.googleapis.com/v1beta1/projects/suggestoons-app {"projectId":"suggestoons-app","projectNumber":"241615938941","displayName":"Suggestunes-app","name":"projects/suggestoons-app","resources":{"hostingSite":"suggestoons-app","realtimeDatabaseInstance":"suggestoons-app-default-rtdb","storageBucket":"suggestoons-app.appspot.com","locationId":"us-central"},"state":"ACTIVE","etag":"1_eeab7300-30be-44cf-a153-05c6f3aabdab"}
[debug] [2023-04-24T15:42:08.008Z] >>> [apiv2][query] POST https://cloudfunctions.googleapis.com/v1/projects/suggestoons-app/locations/us-central1/functions:generateUploadUrl [none]
[debug] [2023-04-24T15:42:08.008Z] >>> [apiv2][body] POST https://cloudfunctions.googleapis.com/v1/projects/suggestoons-app/locations/us-central1/functions:generateUploadUrl {}
[debug] [2023-04-24T15:42:08.554Z] <<< [apiv2][status] POST https://cloudfunctions.googleapis.com/v1/projects/suggestoons-app/locations/us-central1/functions:generateUploadUrl 200
[debug] [2023-04-24T15:42:08.554Z] <<< [apiv2][body] POST https://cloudfunctions.googleapis.com/v1/projects/suggestoons-app/locations/us-central1/functions:generateUploadUrl {"uploadUrl":"https://storage.googleapis.com/uploads-125602722908.us-central1.cloudfunctions.appspot.com/60d717d5-6bf7-4f4b-9b3c-010ba1422a43.zip?GoogleAccessId=service-241615938941@gcf-admin-robot.iam.gserviceaccount.com&Expires=1682352729&Signature=E5Ixq6FRkWZytupUWQF5DojTJge65v0GAWhT16oyns%2FqLtILbVATymcFKsMiCdTIA2juXAt1HSzgGS1vB1xDAbiM0N9%2BwnbYaHOJdsma%2BRVvSjzpAdTTrJgoetsq8w8%2F7znnxFNTqQTFJgEWkJAaLN7FTqtLHt4XTlPxqzYBCZ7CjHzM0VzveDFZHOBwQScsoD%2B4Hybc%2FcvME3wqdMnbAtuAPqPkXFCxdKYEoYB81QrCDOuAmwOkvlHiPozFKjT3%2BLPU0SidyTLen3PV3bPMGbSQxcb%2Fzr8D8rK%2FPmtFkNo%2FRpktzEFSlb8vFGIEPonr2kLU5pivdnCgxHSKRxwgtQ%3D%3D"}
[debug] [2023-04-24T15:42:08.556Z] >>> [apiv2][query] PUT https://storage.googleapis.com/uploads-125602722908.us-central1.cloudfunctions.appspot.com/60d717d5-6bf7-4f4b-9b3c-010ba1422a43.zip GoogleAccessId=service-241615938941%40gcf-admin-robot.iam.gserviceaccount.com&Expires=1682352729&Signature=E5Ixq6FRkWZytupUWQF5DojTJge65v0GAWhT16oyns%2FqLtILbVATymcFKsMiCdTIA2juXAt1HSzgGS1vB1xDAbiM0N9%2BwnbYaHOJdsma%2BRVvSjzpAdTTrJgoetsq8w8%2F7znnxFNTqQTFJgEWkJAaLN7FTqtLHt4XTlPxqzYBCZ7CjHzM0VzveDFZHOBwQScsoD%2B4Hybc%2FcvME3wqdMnbAtuAPqPkXFCxdKYEoYB81QrCDOuAmwOkvlHiPozFKjT3%2BLPU0SidyTLen3PV3bPMGbSQxcb%2Fzr8D8rK%2FPmtFkNo%2FRpktzEFSlb8vFGIEPonr2kLU5pivdnCgxHSKRxwgtQ%3D%3D
[debug] [2023-04-24T15:42:08.556Z] >>> [apiv2][body] PUT https://storage.googleapis.com/uploads-125602722908.us-central1.cloudfunctions.appspot.com/60d717d5-6bf7-4f4b-9b3c-010ba1422a43.zip [stream]
[debug] [2023-04-24T15:42:08.962Z] <<< [apiv2][status] PUT https://storage.googleapis.com/uploads-125602722908.us-central1.cloudfunctions.appspot.com/60d717d5-6bf7-4f4b-9b3c-010ba1422a43.zip 200
[debug] [2023-04-24T15:42:08.962Z] <<< [apiv2][body] PUT https://storage.googleapis.com/uploads-125602722908.us-central1.cloudfunctions.appspot.com/60d717d5-6bf7-4f4b-9b3c-010ba1422a43.zip [omitted]
[info] +  functions: functions folder uploaded successfully 
[info] i  functions: updating Node.js 16 function getTokens(us-central1)... 
[debug] [2023-04-24T15:42:08.974Z] >>> [apiv2][query] PATCH https://cloudfunctions.googleapis.com/v1/projects/suggestoons-app/locations/us-central1/functions/getTokens updateMask=name%2CsourceUploadUrl%2CentryPoint%2Cruntime%2CdockerRegistry%2Clabels%2ChttpsTrigger.securityLevel%2CminInstances%2CmaxInstances%2CingressSettings%2CenvironmentVariables%2CserviceAccountEmail%2CavailableMemoryMb%2Ctimeout%2CvpcConnector%2CvpcConnectorEgressSettings%2CsourceToken
[debug] [2023-04-24T15:42:08.974Z] >>> [apiv2][body] PATCH https://cloudfunctions.googleapis.com/v1/projects/suggestoons-app/locations/us-central1/functions/getTokens {"name":"projects/suggestoons-app/locations/us-central1/functions/getTokens","sourceUploadUrl":"https://storage.googleapis.com/uploads-125602722908.us-central1.cloudfunctions.appspot.com/60d717d5-6bf7-4f4b-9b3c-010ba1422a43.zip?GoogleAccessId=service-241615938941@gcf-admin-robot.iam.gserviceaccount.com&Expires=1682352729&Signature=E5Ixq6FRkWZytupUWQF5DojTJge65v0GAWhT16oyns%2FqLtILbVATymcFKsMiCdTIA2juXAt1HSzgGS1vB1xDAbiM0N9%2BwnbYaHOJdsma%2BRVvSjzpAdTTrJgoetsq8w8%2F7znnxFNTqQTFJgEWkJAaLN7FTqtLHt4XTlPxqzYBCZ7CjHzM0VzveDFZHOBwQScsoD%2B4Hybc%2FcvME3wqdMnbAtuAPqPkXFCxdKYEoYB81QrCDOuAmwOkvlHiPozFKjT3%2BLPU0SidyTLen3PV3bPMGbSQxcb%2Fzr8D8rK%2FPmtFkNo%2FRpktzEFSlb8vFGIEPonr2kLU5pivdnCgxHSKRxwgtQ%3D%3D","entryPoint":"getTokens","runtime":"nodejs16","dockerRegistry":"ARTIFACT_REGISTRY","labels":{"deployment-tool":"cli-firebase","firebase-functions-hash":"f2d156a1057da768d7e8a78c316e849ed145b002"},"httpsTrigger":{"securityLevel":"SECURE_ALWAYS"},"minInstances":null,"maxInstances":null,"ingressSettings":null,"environmentVariables":{"FIREBASE_CONFIG":"{\"projectId\":\"suggestoons-app\",\"databaseURL\":\"https://suggestoons-app-default-rtdb.firebaseio.com\",\"storageBucket\":\"suggestoons-app.appspot.com\",\"locationId\":\"us-central\"}","GCLOUD_PROJECT":"suggestoons-app","EVENTARC_CLOUD_EVENT_SOURCE":"projects/suggestoons-app/locations/us-central1/functions/getTokens"},"serviceAccountEmail":null,"availableMemoryMb":null,"timeout":null,"vpcConnector":null,"vpcConnectorEgressSettings":null}
[debug] [2023-04-24T15:42:09.582Z] <<< [apiv2][status] PATCH https://cloudfunctions.googleapis.com/v1/projects/suggestoons-app/locations/us-central1/functions/getTokens 200
[debug] [2023-04-24T15:42:09.582Z] <<< [apiv2][body] PATCH https://cloudfunctions.googleapis.com/v1/projects/suggestoons-app/locations/us-central1/functions/getTokens {"name":"operations/c3VnZ2VzdG9vbnMtYXBwL3VzLWNlbnRyYWwxL2dldFRva2Vucy9YX3RTNmRWY3V2OA","metadata":{"@type":"type.googleapis.com/google.cloud.functions.v1.OperationMetadataV1","target":"projects/suggestoons-app/locations/us-central1/functions/getTokens","type":"UPDATE_FUNCTION","request":{"@type":"type.googleapis.com/google.cloud.functions.v1.CloudFunction","name":"projects/suggestoons-app/locations/us-central1/functions/getTokens","httpsTrigger":{"url":"https://us-central1-suggestoons-app.cloudfunctions.net/getTokens","securityLevel":"SECURE_ALWAYS"},"status":"ACTIVE","entryPoint":"getTokens","updateTime":"2023-04-24T15:32:25.714Z","versionId":"6","labels":{"deployment-tool":"cli-firebase","firebase-functions-hash":"f2d156a1057da768d7e8a78c316e849ed145b002"},"sourceUploadUrl":"https://storage.googleapis.com/uploads-125602722908.us-central1.cloudfunctions.appspot.com/60d717d5-6bf7-4f4b-9b3c-010ba1422a43.zip?GoogleAccessId=service-241615938941@gcf-admin-robot.iam.gserviceaccount.com&Expires=1682352729&Signature=E5Ixq6FRkWZytupUWQF5DojTJge65v0GAWhT16oyns%2FqLtILbVATymcFKsMiCdTIA2juXAt1HSzgGS1vB1xDAbiM0N9%2BwnbYaHOJdsma%2BRVvSjzpAdTTrJgoetsq8w8%2F7znnxFNTqQTFJgEWkJAaLN7FTqtLHt4XTlPxqzYBCZ7CjHzM0VzveDFZHOBwQScsoD%2B4Hybc%2FcvME3wqdMnbAtuAPqPkXFCxdKYEoYB81QrCDOuAmwOkvlHiPozFKjT3%2BLPU0SidyTLen3PV3bPMGbSQxcb%2Fzr8D8rK%2FPmtFkNo%2FRpktzEFSlb8vFGIEPonr2kLU5pivdnCgxHSKRxwgtQ%3D%3D","environmentVariables":{"FIREBASE_CONFIG":"{\"projectId\":\"suggestoons-app\",\"databaseURL\":\"https://suggestoons-app-default-rtdb.firebaseio.com\",\"storageBucket\":\"suggestoons-app.appspot.com\",\"locationId\":\"us-central\"}","GCLOUD_PROJECT":"suggestoons-app","EVENTARC_CLOUD_EVENT_SOURCE":"projects/suggestoons-app/locations/us-central1/functions/getTokens"},"runtime":"nodejs16","buildId":"c2523ca5-33c0-459b-acba-ecc8a25c6b55","buildName":"projects/241615938941/locations/us-central1/builds/c2523ca5-33c0-459b-acba-ecc8a25c6b55","dockerRegistry":"ARTIFACT_REGISTRY"},"versionId":"7","updateTime":"2023-04-24T15:42:10Z"}}
[debug] [2023-04-24T15:42:09.584Z] >>> [apiv2][query] GET https://cloudfunctions.googleapis.com/v1/operations/c3VnZ2VzdG9vbnMtYXBwL3VzLWNlbnRyYWwxL2dldFRva2Vucy9YX3RTNmRWY3V2OA [none]
[debug] [2023-04-24T15:42:09.778Z] <<< [apiv2][status] GET https://cloudfunctions.googleapis.com/v1/operations/c3VnZ2VzdG9vbnMtYXBwL3VzLWNlbnRyYWwxL2dldFRva2Vucy9YX3RTNmRWY3V2OA 200
[debug] [2023-04-24T15:42:09.778Z] <<< [apiv2][body] GET https://cloudfunctions.googleapis.com/v1/operations/c3VnZ2VzdG9vbnMtYXBwL3VzLWNlbnRyYWwxL2dldFRva2Vucy9YX3RTNmRWY3V2OA {"name":"operations/c3VnZ2VzdG9vbnMtYXBwL3VzLWNlbnRyYWwxL2dldFRva2Vucy9YX3RTNmRWY3V2OA","metadata":{"@type":"type.googleapis.com/google.cloud.functions.v1.OperationMetadataV1","target":"projects/suggestoons-app/locations/us-central1/functions/getTokens","type":"UPDATE_FUNCTION","request":{"@type":"type.googleapis.com/google.cloud.functions.v1.CloudFunction","name":"projects/suggestoons-app/locations/us-central1/functions/getTokens","httpsTrigger":{"url":"https://us-central1-suggestoons-app.cloudfunctions.net/getTokens","securityLevel":"SECURE_ALWAYS"},"status":"ACTIVE","entryPoint":"getTokens","updateTime":"2023-04-24T15:32:25.714Z","versionId":"6","labels":{"deployment-tool":"cli-firebase","firebase-functions-hash":"f2d156a1057da768d7e8a78c316e849ed145b002"},"sourceUploadUrl":"https://storage.googleapis.com/uploads-125602722908.us-central1.cloudfunctions.appspot.com/60d717d5-6bf7-4f4b-9b3c-010ba1422a43.zip?GoogleAccessId=service-241615938941@gcf-admin-robot.iam.gserviceaccount.com&Expires=1682352729&Signature=E5Ixq6FRkWZytupUWQF5DojTJge65v0GAWhT16oyns%2FqLtILbVATymcFKsMiCdTIA2juXAt1HSzgGS1vB1xDAbiM0N9%2BwnbYaHOJdsma%2BRVvSjzpAdTTrJgoetsq8w8%2F7znnxFNTqQTFJgEWkJAaLN7FTqtLHt4XTlPxqzYBCZ7CjHzM0VzveDFZHOBwQScsoD%2B4Hybc%2FcvME3wqdMnbAtuAPqPkXFCxdKYEoYB81QrCDOuAmwOkvlHiPozFKjT3%2BLPU0SidyTLen3PV3bPMGbSQxcb%2Fzr8D8rK%2FPmtFkNo%2FRpktzEFSlb8vFGIEPonr2kLU5pivdnCgxHSKRxwgtQ%3D%3D","environmentVariables":{"FIREBASE_CONFIG":"{\"projectId\":\"suggestoons-app\",\"databaseURL\":\"https://suggestoons-app-default-rtdb.firebaseio.com\",\"storageBucket\":\"suggestoons-app.appspot.com\",\"locationId\":\"us-central\"}","GCLOUD_PROJECT":"suggestoons-app","EVENTARC_CLOUD_EVENT_SOURCE":"projects/suggestoons-app/locations/us-central1/functions/getTokens"},"runtime":"nodejs16","buildId":"c2523ca5-33c0-459b-acba-ecc8a25c6b55","buildName":"projects/241615938941/locations/us-central1/builds/c2523ca5-33c0-459b-acba-ecc8a25c6b55","dockerRegistry":"ARTIFACT_REGISTRY"},"versionId":"7","updateTime":"2023-04-24T15:42:10Z"}}
[debug] [2023-04-24T15:42:10.286Z] [update-default-us-central1-getTokens] Retrying task index 0
[debug] [2023-04-24T15:42:10.287Z] >>> [apiv2][query] GET https://cloudfunctions.googleapis.com/v1/operations/c3VnZ2VzdG9vbnMtYXBwL3VzLWNlbnRyYWwxL2dldFRva2Vucy9YX3RTNmRWY3V2OA [none]
[debug] [2023-04-24T15:42:10.508Z] <<< [apiv2][status] GET https://cloudfunctions.googleapis.com/v1/operations/c3VnZ2VzdG9vbnMtYXBwL3VzLWNlbnRyYWwxL2dldFRva2Vucy9YX3RTNmRWY3V2OA 200
[debug] [2023-04-24T15:42:10.508Z] <<< [apiv2][body] GET https://cloudfunctions.googleapis.com/v1/operations/c3VnZ2VzdG9vbnMtYXBwL3VzLWNlbnRyYWwxL2dldFRva2Vucy9YX3RTNmRWY3V2OA {"name":"operations/c3VnZ2VzdG9vbnMtYXBwL3VzLWNlbnRyYWwxL2dldFRva2Vucy9YX3RTNmRWY3V2OA","metadata":{"@type":"type.googleapis.com/google.cloud.functions.v1.OperationMetadataV1","target":"projects/suggestoons-app/locations/us-central1/functions/getTokens","type":"UPDATE_FUNCTION","request":{"@type":"type.googleapis.com/google.cloud.functions.v1.CloudFunction","name":"projects/suggestoons-app/locations/us-central1/functions/getTokens","httpsTrigger":{"url":"https://us-central1-suggestoons-app.cloudfunctions.net/getTokens","securityLevel":"SECURE_ALWAYS"},"status":"ACTIVE","entryPoint":"getTokens","updateTime":"2023-04-24T15:32:25.714Z","versionId":"6","labels":{"deployment-tool":"cli-firebase","firebase-functions-hash":"f2d156a1057da768d7e8a78c316e849ed145b002"},"sourceUploadUrl":"https://storage.googleapis.com/uploads-125602722908.us-central1.cloudfunctions.appspot.com/60d717d5-6bf7-4f4b-9b3c-010ba1422a43.zip?GoogleAccessId=service-241615938941@gcf-admin-robot.iam.gserviceaccount.com&Expires=1682352729&Signature=E5Ixq6FRkWZytupUWQF5DojTJge65v0GAWhT16oyns%2FqLtILbVATymcFKsMiCdTIA2juXAt1HSzgGS1vB1xDAbiM0N9%2BwnbYaHOJdsma%2BRVvSjzpAdTTrJgoetsq8w8%2F7znnxFNTqQTFJgEWkJAaLN7FTqtLHt4XTlPxqzYBCZ7CjHzM0VzveDFZHOBwQScsoD%2B4Hybc%2FcvME3wqdMnbAtuAPqPkXFCxdKYEoYB81QrCDOuAmwOkvlHiPozFKjT3%2BLPU0SidyTLen3PV3bPMGbSQxcb%2Fzr8D8rK%2FPmtFkNo%2FRpktzEFSlb8vFGIEPonr2kLU5pivdnCgxHSKRxwgtQ%3D%3D","environmentVariables":{"FIREBASE_CONFIG":"{\"projectId\":\"suggestoons-app\",\"databaseURL\":\"https://suggestoons-app-default-rtdb.firebaseio.com\",\"storageBucket\":\"suggestoons-app.appspot.com\",\"locationId\":\"us-central\"}","GCLOUD_PROJECT":"suggestoons-app","EVENTARC_CLOUD_EVENT_SOURCE":"projects/suggestoons-app/locations/us-central1/functions/getTokens"},"runtime":"nodejs16","buildId":"c2523ca5-33c0-459b-acba-ecc8a25c6b55","buildName":"projects/241615938941/locations/us-central1/builds/c2523ca5-33c0-459b-acba-ecc8a25c6b55","dockerRegistry":"ARTIFACT_REGISTRY"},"versionId":"7","updateTime":"2023-04-24T15:42:10Z","buildId":"1255655d-e204-498c-b7eb-07c8080dbb55","buildName":"projects/241615938941/locations/us-central1/builds/1255655d-e204-498c-b7eb-07c8080dbb55"}}
[debug] [2023-04-24T15:42:11.514Z] [update-default-us-central1-getTokens] Retrying task index 0
[debug] [2023-04-24T15:42:11.516Z] >>> [apiv2][query] GET https://cloudfunctions.googleapis.com/v1/operations/c3VnZ2VzdG9vbnMtYXBwL3VzLWNlbnRyYWwxL2dldFRva2Vucy9YX3RTNmRWY3V2OA [none]
[debug] [2023-04-24T15:42:11.722Z] <<< [apiv2][status] GET https://cloudfunctions.googleapis.com/v1/operations/c3VnZ2VzdG9vbnMtYXBwL3VzLWNlbnRyYWwxL2dldFRva2Vucy9YX3RTNmRWY3V2OA 200
[debug] [2023-04-24T15:42:11.722Z] <<< [apiv2][body] GET https://cloudfunctions.googleapis.com/v1/operations/c3VnZ2VzdG9vbnMtYXBwL3VzLWNlbnRyYWwxL2dldFRva2Vucy9YX3RTNmRWY3V2OA {"name":"operations/c3VnZ2VzdG9vbnMtYXBwL3VzLWNlbnRyYWwxL2dldFRva2Vucy9YX3RTNmRWY3V2OA","metadata":{"@type":"type.googleapis.com/google.cloud.functions.v1.OperationMetadataV1","target":"projects/suggestoons-app/locations/us-central1/functions/getTokens","type":"UPDATE_FUNCTION","request":{"@type":"type.googleapis.com/google.cloud.functions.v1.CloudFunction","name":"projects/suggestoons-app/locations/us-central1/functions/getTokens","httpsTrigger":{"url":"https://us-central1-suggestoons-app.cloudfunctions.net/getTokens","securityLevel":"SECURE_ALWAYS"},"status":"ACTIVE","entryPoint":"getTokens","updateTime":"2023-04-24T15:32:25.714Z","versionId":"6","labels":{"deployment-tool":"cli-firebase","firebase-functions-hash":"f2d156a1057da768d7e8a78c316e849ed145b002"},"sourceUploadUrl":"https://storage.googleapis.com/uploads-125602722908.us-central1.cloudfunctions.appspot.com/60d717d5-6bf7-4f4b-9b3c-010ba1422a43.zip?GoogleAccessId=service-241615938941@gcf-admin-robot.iam.gserviceaccount.com&Expires=1682352729&Signature=E5Ixq6FRkWZytupUWQF5DojTJge65v0GAWhT16oyns%2FqLtILbVATymcFKsMiCdTIA2juXAt1HSzgGS1vB1xDAbiM0N9%2BwnbYaHOJdsma%2BRVvSjzpAdTTrJgoetsq8w8%2F7znnxFNTqQTFJgEWkJAaLN7FTqtLHt4XTlPxqzYBCZ7CjHzM0VzveDFZHOBwQScsoD%2B4Hybc%2FcvME3wqdMnbAtuAPqPkXFCxdKYEoYB81QrCDOuAmwOkvlHiPozFKjT3%2BLPU0SidyTLen3PV3bPMGbSQxcb%2Fzr8D8rK%2FPmtFkNo%2FRpktzEFSlb8vFGIEPonr2kLU5pivdnCgxHSKRxwgtQ%3D%3D","environmentVariables":{"FIREBASE_CONFIG":"{\"projectId\":\"suggestoons-app\",\"databaseURL\":\"https://suggestoons-app-default-rtdb.firebaseio.com\",\"storageBucket\":\"suggestoons-app.appspot.com\",\"locationId\":\"us-central\"}","GCLOUD_PROJECT":"suggestoons-app","EVENTARC_CLOUD_EVENT_SOURCE":"projects/suggestoons-app/locations/us-central1/functions/getTokens"},"runtime":"nodejs16","buildId":"c2523ca5-33c0-459b-acba-ecc8a25c6b55","buildName":"projects/241615938941/locations/us-central1/builds/c2523ca5-33c0-459b-acba-ecc8a25c6b55","dockerRegistry":"ARTIFACT_REGISTRY"},"versionId":"7","updateTime":"2023-04-24T15:42:10Z","buildId":"1255655d-e204-498c-b7eb-07c8080dbb55","buildName":"projects/241615938941/locations/us-central1/builds/1255655d-e204-498c-b7eb-07c8080dbb55"}}
[debug] [2023-04-24T15:42:13.722Z] [update-default-us-central1-getTokens] Retrying task index 0
[debug] [2023-04-24T15:42:13.723Z] >>> [apiv2][query] GET https://cloudfunctions.googleapis.com/v1/operations/c3VnZ2VzdG9vbnMtYXBwL3VzLWNlbnRyYWwxL2dldFRva2Vucy9YX3RTNmRWY3V2OA [none]
[debug] [2023-04-24T15:42:13.951Z] <<< [apiv2][status] GET https://cloudfunctions.googleapis.com/v1/operations/c3VnZ2VzdG9vbnMtYXBwL3VzLWNlbnRyYWwxL2dldFRva2Vucy9YX3RTNmRWY3V2OA 200
[debug] [2023-04-24T15:42:13.951Z] <<< [apiv2][body] GET https://cloudfunctions.googleapis.com/v1/operations/c3VnZ2VzdG9vbnMtYXBwL3VzLWNlbnRyYWwxL2dldFRva2Vucy9YX3RTNmRWY3V2OA {"name":"operations/c3VnZ2VzdG9vbnMtYXBwL3VzLWNlbnRyYWwxL2dldFRva2Vucy9YX3RTNmRWY3V2OA","metadata":{"@type":"type.googleapis.com/google.cloud.functions.v1.OperationMetadataV1","target":"projects/suggestoons-app/locations/us-central1/functions/getTokens","type":"UPDATE_FUNCTION","request":{"@type":"type.googleapis.com/google.cloud.functions.v1.CloudFunction","name":"projects/suggestoons-app/locations/us-central1/functions/getTokens","httpsTrigger":{"url":"https://us-central1-suggestoons-app.cloudfunctions.net/getTokens","securityLevel":"SECURE_ALWAYS"},"status":"ACTIVE","entryPoint":"getTokens","updateTime":"2023-04-24T15:32:25.714Z","versionId":"6","labels":{"deployment-tool":"cli-firebase","firebase-functions-hash":"f2d156a1057da768d7e8a78c316e849ed145b002"},"sourceUploadUrl":"https://storage.googleapis.com/uploads-125602722908.us-central1.cloudfunctions.appspot.com/60d717d5-6bf7-4f4b-9b3c-010ba1422a43.zip?GoogleAccessId=service-241615938941@gcf-admin-robot.iam.gserviceaccount.com&Expires=1682352729&Signature=E5Ixq6FRkWZytupUWQF5DojTJge65v0GAWhT16oyns%2FqLtILbVATymcFKsMiCdTIA2juXAt1HSzgGS1vB1xDAbiM0N9%2BwnbYaHOJdsma%2BRVvSjzpAdTTrJgoetsq8w8%2F7znnxFNTqQTFJgEWkJAaLN7FTqtLHt4XTlPxqzYBCZ7CjHzM0VzveDFZHOBwQScsoD%2B4Hybc%2FcvME3wqdMnbAtuAPqPkXFCxdKYEoYB81QrCDOuAmwOkvlHiPozFKjT3%2BLPU0SidyTLen3PV3bPMGbSQxcb%2Fzr8D8rK%2FPmtFkNo%2FRpktzEFSlb8vFGIEPonr2kLU5pivdnCgxHSKRxwgtQ%3D%3D","environmentVariables":{"FIREBASE_CONFIG":"{\"projectId\":\"suggestoons-app\",\"databaseURL\":\"https://suggestoons-app-default-rtdb.firebaseio.com\",\"storageBucket\":\"suggestoons-app.appspot.com\",\"locationId\":\"us-central\"}","GCLOUD_PROJECT":"suggestoons-app","EVENTARC_CLOUD_EVENT_SOURCE":"projects/suggestoons-app/locations/us-central1/functions/getTokens"},"runtime":"nodejs16","buildId":"c2523ca5-33c0-459b-acba-ecc8a25c6b55","buildName":"projects/241615938941/locations/us-central1/builds/c2523ca5-33c0-459b-acba-ecc8a25c6b55","dockerRegistry":"ARTIFACT_REGISTRY"},"versionId":"7","updateTime":"2023-04-24T15:42:10Z","buildId":"1255655d-e204-498c-b7eb-07c8080dbb55","buildName":"projects/241615938941/locations/us-central1/builds/1255655d-e204-498c-b7eb-07c8080dbb55"}}
[debug] [2023-04-24T15:42:17.957Z] [update-default-us-central1-getTokens] Retrying task index 0
[debug] [2023-04-24T15:42:17.958Z] >>> [apiv2][query] GET https://cloudfunctions.googleapis.com/v1/operations/c3VnZ2VzdG9vbnMtYXBwL3VzLWNlbnRyYWwxL2dldFRva2Vucy9YX3RTNmRWY3V2OA [none]
[debug] [2023-04-24T15:42:18.174Z] <<< [apiv2][status] GET https://cloudfunctions.googleapis.com/v1/operations/c3VnZ2VzdG9vbnMtYXBwL3VzLWNlbnRyYWwxL2dldFRva2Vucy9YX3RTNmRWY3V2OA 200
[debug] [2023-04-24T15:42:18.175Z] <<< [apiv2][body] GET https://cloudfunctions.googleapis.com/v1/operations/c3VnZ2VzdG9vbnMtYXBwL3VzLWNlbnRyYWwxL2dldFRva2Vucy9YX3RTNmRWY3V2OA {"name":"operations/c3VnZ2VzdG9vbnMtYXBwL3VzLWNlbnRyYWwxL2dldFRva2Vucy9YX3RTNmRWY3V2OA","metadata":{"@type":"type.googleapis.com/google.cloud.functions.v1.OperationMetadataV1","target":"projects/suggestoons-app/locations/us-central1/functions/getTokens","type":"UPDATE_FUNCTION","request":{"@type":"type.googleapis.com/google.cloud.functions.v1.CloudFunction","name":"projects/suggestoons-app/locations/us-central1/functions/getTokens","httpsTrigger":{"url":"https://us-central1-suggestoons-app.cloudfunctions.net/getTokens","securityLevel":"SECURE_ALWAYS"},"status":"ACTIVE","entryPoint":"getTokens","updateTime":"2023-04-24T15:32:25.714Z","versionId":"6","labels":{"deployment-tool":"cli-firebase","firebase-functions-hash":"f2d156a1057da768d7e8a78c316e849ed145b002"},"sourceUploadUrl":"https://storage.googleapis.com/uploads-125602722908.us-central1.cloudfunctions.appspot.com/60d717d5-6bf7-4f4b-9b3c-010ba1422a43.zip?GoogleAccessId=service-241615938941@gcf-admin-robot.iam.gserviceaccount.com&Expires=1682352729&Signature=E5Ixq6FRkWZytupUWQF5DojTJge65v0GAWhT16oyns%2FqLtILbVATymcFKsMiCdTIA2juXAt1HSzgGS1vB1xDAbiM0N9%2BwnbYaHOJdsma%2BRVvSjzpAdTTrJgoetsq8w8%2F7znnxFNTqQTFJgEWkJAaLN7FTqtLHt4XTlPxqzYBCZ7CjHzM0VzveDFZHOBwQScsoD%2B4Hybc%2FcvME3wqdMnbAtuAPqPkXFCxdKYEoYB81QrCDOuAmwOkvlHiPozFKjT3%2BLPU0SidyTLen3PV3bPMGbSQxcb%2Fzr8D8rK%2FPmtFkNo%2FRpktzEFSlb8vFGIEPonr2kLU5pivdnCgxHSKRxwgtQ%3D%3D","environmentVariables":{"FIREBASE_CONFIG":"{\"projectId\":\"suggestoons-app\",\"databaseURL\":\"https://suggestoons-app-default-rtdb.firebaseio.com\",\"storageBucket\":\"suggestoons-app.appspot.com\",\"locationId\":\"us-central\"}","GCLOUD_PROJECT":"suggestoons-app","EVENTARC_CLOUD_EVENT_SOURCE":"projects/suggestoons-app/locations/us-central1/functions/getTokens"},"runtime":"nodejs16","buildId":"c2523ca5-33c0-459b-acba-ecc8a25c6b55","buildName":"projects/241615938941/locations/us-central1/builds/c2523ca5-33c0-459b-acba-ecc8a25c6b55","dockerRegistry":"ARTIFACT_REGISTRY"},"versionId":"7","updateTime":"2023-04-24T15:42:10Z","buildId":"1255655d-e204-498c-b7eb-07c8080dbb55","buildName":"projects/241615938941/locations/us-central1/builds/1255655d-e204-498c-b7eb-07c8080dbb55"}}
[debug] [2023-04-24T15:42:26.176Z] [update-default-us-central1-getTokens] Retrying task index 0
[debug] [2023-04-24T15:42:26.178Z] >>> [apiv2][query] GET https://cloudfunctions.googleapis.com/v1/operations/c3VnZ2VzdG9vbnMtYXBwL3VzLWNlbnRyYWwxL2dldFRva2Vucy9YX3RTNmRWY3V2OA [none]
[debug] [2023-04-24T15:42:26.385Z] <<< [apiv2][status] GET https://cloudfunctions.googleapis.com/v1/operations/c3VnZ2VzdG9vbnMtYXBwL3VzLWNlbnRyYWwxL2dldFRva2Vucy9YX3RTNmRWY3V2OA 200
[debug] [2023-04-24T15:42:26.386Z] <<< [apiv2][body] GET https://cloudfunctions.googleapis.com/v1/operations/c3VnZ2VzdG9vbnMtYXBwL3VzLWNlbnRyYWwxL2dldFRva2Vucy9YX3RTNmRWY3V2OA {"name":"operations/c3VnZ2VzdG9vbnMtYXBwL3VzLWNlbnRyYWwxL2dldFRva2Vucy9YX3RTNmRWY3V2OA","metadata":{"@type":"type.googleapis.com/google.cloud.functions.v1.OperationMetadataV1","target":"projects/suggestoons-app/locations/us-central1/functions/getTokens","type":"UPDATE_FUNCTION","request":{"@type":"type.googleapis.com/google.cloud.functions.v1.CloudFunction","name":"projects/suggestoons-app/locations/us-central1/functions/getTokens","httpsTrigger":{"url":"https://us-central1-suggestoons-app.cloudfunctions.net/getTokens","securityLevel":"SECURE_ALWAYS"},"status":"ACTIVE","entryPoint":"getTokens","updateTime":"2023-04-24T15:32:25.714Z","versionId":"6","labels":{"deployment-tool":"cli-firebase","firebase-functions-hash":"f2d156a1057da768d7e8a78c316e849ed145b002"},"sourceUploadUrl":"https://storage.googleapis.com/uploads-125602722908.us-central1.cloudfunctions.appspot.com/60d717d5-6bf7-4f4b-9b3c-010ba1422a43.zip?GoogleAccessId=service-241615938941@gcf-admin-robot.iam.gserviceaccount.com&Expires=1682352729&Signature=E5Ixq6FRkWZytupUWQF5DojTJge65v0GAWhT16oyns%2FqLtILbVATymcFKsMiCdTIA2juXAt1HSzgGS1vB1xDAbiM0N9%2BwnbYaHOJdsma%2BRVvSjzpAdTTrJgoetsq8w8%2F7znnxFNTqQTFJgEWkJAaLN7FTqtLHt4XTlPxqzYBCZ7CjHzM0VzveDFZHOBwQScsoD%2B4Hybc%2FcvME3wqdMnbAtuAPqPkXFCxdKYEoYB81QrCDOuAmwOkvlHiPozFKjT3%2BLPU0SidyTLen3PV3bPMGbSQxcb%2Fzr8D8rK%2FPmtFkNo%2FRpktzEFSlb8vFGIEPonr2kLU5pivdnCgxHSKRxwgtQ%3D%3D","environmentVariables":{"FIREBASE_CONFIG":"{\"projectId\":\"suggestoons-app\",\"databaseURL\":\"https://suggestoons-app-default-rtdb.firebaseio.com\",\"storageBucket\":\"suggestoons-app.appspot.com\",\"locationId\":\"us-central\"}","GCLOUD_PROJECT":"suggestoons-app","EVENTARC_CLOUD_EVENT_SOURCE":"projects/suggestoons-app/locations/us-central1/functions/getTokens"},"runtime":"nodejs16","buildId":"c2523ca5-33c0-459b-acba-ecc8a25c6b55","buildName":"projects/241615938941/locations/us-central1/builds/c2523ca5-33c0-459b-acba-ecc8a25c6b55","dockerRegistry":"ARTIFACT_REGISTRY"},"versionId":"7","updateTime":"2023-04-24T15:42:10Z","buildId":"1255655d-e204-498c-b7eb-07c8080dbb55","buildName":"projects/241615938941/locations/us-central1/builds/1255655d-e204-498c-b7eb-07c8080dbb55"}}
[debug] [2023-04-24T15:42:36.393Z] [update-default-us-central1-getTokens] Retrying task index 0
[debug] [2023-04-24T15:42:36.394Z] >>> [apiv2][query] GET https://cloudfunctions.googleapis.com/v1/operations/c3VnZ2VzdG9vbnMtYXBwL3VzLWNlbnRyYWwxL2dldFRva2Vucy9YX3RTNmRWY3V2OA [none]
[debug] [2023-04-24T15:42:36.603Z] <<< [apiv2][status] GET https://cloudfunctions.googleapis.com/v1/operations/c3VnZ2VzdG9vbnMtYXBwL3VzLWNlbnRyYWwxL2dldFRva2Vucy9YX3RTNmRWY3V2OA 200
[debug] [2023-04-24T15:42:36.603Z] <<< [apiv2][body] GET https://cloudfunctions.googleapis.com/v1/operations/c3VnZ2VzdG9vbnMtYXBwL3VzLWNlbnRyYWwxL2dldFRva2Vucy9YX3RTNmRWY3V2OA {"name":"operations/c3VnZ2VzdG9vbnMtYXBwL3VzLWNlbnRyYWwxL2dldFRva2Vucy9YX3RTNmRWY3V2OA","metadata":{"@type":"type.googleapis.com/google.cloud.functions.v1.OperationMetadataV1","target":"projects/suggestoons-app/locations/us-central1/functions/getTokens","type":"UPDATE_FUNCTION","request":{"@type":"type.googleapis.com/google.cloud.functions.v1.CloudFunction","name":"projects/suggestoons-app/locations/us-central1/functions/getTokens","httpsTrigger":{"url":"https://us-central1-suggestoons-app.cloudfunctions.net/getTokens","securityLevel":"SECURE_ALWAYS"},"status":"ACTIVE","entryPoint":"getTokens","updateTime":"2023-04-24T15:32:25.714Z","versionId":"6","labels":{"deployment-tool":"cli-firebase","firebase-functions-hash":"f2d156a1057da768d7e8a78c316e849ed145b002"},"sourceUploadUrl":"https://storage.googleapis.com/uploads-125602722908.us-central1.cloudfunctions.appspot.com/60d717d5-6bf7-4f4b-9b3c-010ba1422a43.zip?GoogleAccessId=service-241615938941@gcf-admin-robot.iam.gserviceaccount.com&Expires=1682352729&Signature=E5Ixq6FRkWZytupUWQF5DojTJge65v0GAWhT16oyns%2FqLtILbVATymcFKsMiCdTIA2juXAt1HSzgGS1vB1xDAbiM0N9%2BwnbYaHOJdsma%2BRVvSjzpAdTTrJgoetsq8w8%2F7znnxFNTqQTFJgEWkJAaLN7FTqtLHt4XTlPxqzYBCZ7CjHzM0VzveDFZHOBwQScsoD%2B4Hybc%2FcvME3wqdMnbAtuAPqPkXFCxdKYEoYB81QrCDOuAmwOkvlHiPozFKjT3%2BLPU0SidyTLen3PV3bPMGbSQxcb%2Fzr8D8rK%2FPmtFkNo%2FRpktzEFSlb8vFGIEPonr2kLU5pivdnCgxHSKRxwgtQ%3D%3D","environmentVariables":{"FIREBASE_CONFIG":"{\"projectId\":\"suggestoons-app\",\"databaseURL\":\"https://suggestoons-app-default-rtdb.firebaseio.com\",\"storageBucket\":\"suggestoons-app.appspot.com\",\"locationId\":\"us-central\"}","GCLOUD_PROJECT":"suggestoons-app","EVENTARC_CLOUD_EVENT_SOURCE":"projects/suggestoons-app/locations/us-central1/functions/getTokens"},"runtime":"nodejs16","buildId":"c2523ca5-33c0-459b-acba-ecc8a25c6b55","buildName":"projects/241615938941/locations/us-central1/builds/c2523ca5-33c0-459b-acba-ecc8a25c6b55","dockerRegistry":"ARTIFACT_REGISTRY"},"versionId":"7","updateTime":"2023-04-24T15:42:10Z","buildId":"1255655d-e204-498c-b7eb-07c8080dbb55","buildName":"projects/241615938941/locations/us-central1/builds/1255655d-e204-498c-b7eb-07c8080dbb55"}}
[debug] [2023-04-24T15:42:46.606Z] [update-default-us-central1-getTokens] Retrying task index 0
[debug] [2023-04-24T15:42:46.606Z] >>> [apiv2][query] GET https://cloudfunctions.googleapis.com/v1/operations/c3VnZ2VzdG9vbnMtYXBwL3VzLWNlbnRyYWwxL2dldFRva2Vucy9YX3RTNmRWY3V2OA [none]
[debug] [2023-04-24T15:42:46.814Z] <<< [apiv2][status] GET https://cloudfunctions.googleapis.com/v1/operations/c3VnZ2VzdG9vbnMtYXBwL3VzLWNlbnRyYWwxL2dldFRva2Vucy9YX3RTNmRWY3V2OA 200
[debug] [2023-04-24T15:42:46.814Z] <<< [apiv2][body] GET https://cloudfunctions.googleapis.com/v1/operations/c3VnZ2VzdG9vbnMtYXBwL3VzLWNlbnRyYWwxL2dldFRva2Vucy9YX3RTNmRWY3V2OA {"name":"operations/c3VnZ2VzdG9vbnMtYXBwL3VzLWNlbnRyYWwxL2dldFRva2Vucy9YX3RTNmRWY3V2OA","metadata":{"@type":"type.googleapis.com/google.cloud.functions.v1.OperationMetadataV1","target":"projects/suggestoons-app/locations/us-central1/functions/getTokens","type":"UPDATE_FUNCTION","request":{"@type":"type.googleapis.com/google.cloud.functions.v1.CloudFunction","name":"projects/suggestoons-app/locations/us-central1/functions/getTokens","httpsTrigger":{"url":"https://us-central1-suggestoons-app.cloudfunctions.net/getTokens","securityLevel":"SECURE_ALWAYS"},"status":"ACTIVE","entryPoint":"getTokens","updateTime":"2023-04-24T15:32:25.714Z","versionId":"6","labels":{"deployment-tool":"cli-firebase","firebase-functions-hash":"f2d156a1057da768d7e8a78c316e849ed145b002"},"sourceUploadUrl":"https://storage.googleapis.com/uploads-125602722908.us-central1.cloudfunctions.appspot.com/60d717d5-6bf7-4f4b-9b3c-010ba1422a43.zip?GoogleAccessId=service-241615938941@gcf-admin-robot.iam.gserviceaccount.com&Expires=1682352729&Signature=E5Ixq6FRkWZytupUWQF5DojTJge65v0GAWhT16oyns%2FqLtILbVATymcFKsMiCdTIA2juXAt1HSzgGS1vB1xDAbiM0N9%2BwnbYaHOJdsma%2BRVvSjzpAdTTrJgoetsq8w8%2F7znnxFNTqQTFJgEWkJAaLN7FTqtLHt4XTlPxqzYBCZ7CjHzM0VzveDFZHOBwQScsoD%2B4Hybc%2FcvME3wqdMnbAtuAPqPkXFCxdKYEoYB81QrCDOuAmwOkvlHiPozFKjT3%2BLPU0SidyTLen3PV3bPMGbSQxcb%2Fzr8D8rK%2FPmtFkNo%2FRpktzEFSlb8vFGIEPonr2kLU5pivdnCgxHSKRxwgtQ%3D%3D","environmentVariables":{"FIREBASE_CONFIG":"{\"projectId\":\"suggestoons-app\",\"databaseURL\":\"https://suggestoons-app-default-rtdb.firebaseio.com\",\"storageBucket\":\"suggestoons-app.appspot.com\",\"locationId\":\"us-central\"}","GCLOUD_PROJECT":"suggestoons-app","EVENTARC_CLOUD_EVENT_SOURCE":"projects/suggestoons-app/locations/us-central1/functions/getTokens"},"runtime":"nodejs16","buildId":"c2523ca5-33c0-459b-acba-ecc8a25c6b55","buildName":"projects/241615938941/locations/us-central1/builds/c2523ca5-33c0-459b-acba-ecc8a25c6b55","dockerRegistry":"ARTIFACT_REGISTRY"},"versionId":"7","updateTime":"2023-04-24T15:42:10Z","buildId":"1255655d-e204-498c-b7eb-07c8080dbb55","buildName":"projects/241615938941/locations/us-central1/builds/1255655d-e204-498c-b7eb-07c8080dbb55"}}
[debug] [2023-04-24T15:42:56.823Z] [update-default-us-central1-getTokens] Retrying task index 0
[debug] [2023-04-24T15:42:56.824Z] >>> [apiv2][query] GET https://cloudfunctions.googleapis.com/v1/operations/c3VnZ2VzdG9vbnMtYXBwL3VzLWNlbnRyYWwxL2dldFRva2Vucy9YX3RTNmRWY3V2OA [none]
[debug] [2023-04-24T15:42:57.366Z] <<< [apiv2][status] GET https://cloudfunctions.googleapis.com/v1/operations/c3VnZ2VzdG9vbnMtYXBwL3VzLWNlbnRyYWwxL2dldFRva2Vucy9YX3RTNmRWY3V2OA 200
[debug] [2023-04-24T15:42:57.366Z] <<< [apiv2][body] GET https://cloudfunctions.googleapis.com/v1/operations/c3VnZ2VzdG9vbnMtYXBwL3VzLWNlbnRyYWwxL2dldFRva2Vucy9YX3RTNmRWY3V2OA {"name":"operations/c3VnZ2VzdG9vbnMtYXBwL3VzLWNlbnRyYWwxL2dldFRva2Vucy9YX3RTNmRWY3V2OA","metadata":{"@type":"type.googleapis.com/google.cloud.functions.v1.OperationMetadataV1","target":"projects/suggestoons-app/locations/us-central1/functions/getTokens","type":"UPDATE_FUNCTION","request":{"@type":"type.googleapis.com/google.cloud.functions.v1.CloudFunction","name":"projects/suggestoons-app/locations/us-central1/functions/getTokens","httpsTrigger":{"url":"https://us-central1-suggestoons-app.cloudfunctions.net/getTokens","securityLevel":"SECURE_ALWAYS"},"status":"ACTIVE","entryPoint":"getTokens","updateTime":"2023-04-24T15:32:25.714Z","versionId":"6","labels":{"deployment-tool":"cli-firebase","firebase-functions-hash":"f2d156a1057da768d7e8a78c316e849ed145b002"},"sourceUploadUrl":"https://storage.googleapis.com/uploads-125602722908.us-central1.cloudfunctions.appspot.com/60d717d5-6bf7-4f4b-9b3c-010ba1422a43.zip?GoogleAccessId=service-241615938941@gcf-admin-robot.iam.gserviceaccount.com&Expires=1682352729&Signature=E5Ixq6FRkWZytupUWQF5DojTJge65v0GAWhT16oyns%2FqLtILbVATymcFKsMiCdTIA2juXAt1HSzgGS1vB1xDAbiM0N9%2BwnbYaHOJdsma%2BRVvSjzpAdTTrJgoetsq8w8%2F7znnxFNTqQTFJgEWkJAaLN7FTqtLHt4XTlPxqzYBCZ7CjHzM0VzveDFZHOBwQScsoD%2B4Hybc%2FcvME3wqdMnbAtuAPqPkXFCxdKYEoYB81QrCDOuAmwOkvlHiPozFKjT3%2BLPU0SidyTLen3PV3bPMGbSQxcb%2Fzr8D8rK%2FPmtFkNo%2FRpktzEFSlb8vFGIEPonr2kLU5pivdnCgxHSKRxwgtQ%3D%3D","environmentVariables":{"FIREBASE_CONFIG":"{\"projectId\":\"suggestoons-app\",\"databaseURL\":\"https://suggestoons-app-default-rtdb.firebaseio.com\",\"storageBucket\":\"suggestoons-app.appspot.com\",\"locationId\":\"us-central\"}","GCLOUD_PROJECT":"suggestoons-app","EVENTARC_CLOUD_EVENT_SOURCE":"projects/suggestoons-app/locations/us-central1/functions/getTokens"},"runtime":"nodejs16","buildId":"c2523ca5-33c0-459b-acba-ecc8a25c6b55","buildName":"projects/241615938941/locations/us-central1/builds/c2523ca5-33c0-459b-acba-ecc8a25c6b55","dockerRegistry":"ARTIFACT_REGISTRY"},"versionId":"7","updateTime":"2023-04-24T15:42:10Z","buildId":"1255655d-e204-498c-b7eb-07c8080dbb55","sourceToken":"3868238a-e399-4237-ac1d-f2c797ed8cdf","buildName":"projects/241615938941/locations/us-central1/builds/1255655d-e204-498c-b7eb-07c8080dbb55"}}
[debug] [2023-04-24T15:42:57.366Z] Got source token 3868238a-e399-4237-ac1d-f2c797ed8cdf for region us-central1
[debug] [2023-04-24T15:43:07.369Z] [update-default-us-central1-getTokens] Retrying task index 0
[debug] [2023-04-24T15:43:07.370Z] >>> [apiv2][query] GET https://cloudfunctions.googleapis.com/v1/operations/c3VnZ2VzdG9vbnMtYXBwL3VzLWNlbnRyYWwxL2dldFRva2Vucy9YX3RTNmRWY3V2OA [none]
[debug] [2023-04-24T15:43:07.583Z] <<< [apiv2][status] GET https://cloudfunctions.googleapis.com/v1/operations/c3VnZ2VzdG9vbnMtYXBwL3VzLWNlbnRyYWwxL2dldFRva2Vucy9YX3RTNmRWY3V2OA 200
[debug] [2023-04-24T15:43:07.583Z] <<< [apiv2][body] GET https://cloudfunctions.googleapis.com/v1/operations/c3VnZ2VzdG9vbnMtYXBwL3VzLWNlbnRyYWwxL2dldFRva2Vucy9YX3RTNmRWY3V2OA {"name":"operations/c3VnZ2VzdG9vbnMtYXBwL3VzLWNlbnRyYWwxL2dldFRva2Vucy9YX3RTNmRWY3V2OA","metadata":{"@type":"type.googleapis.com/google.cloud.functions.v1.OperationMetadataV1","target":"projects/suggestoons-app/locations/us-central1/functions/getTokens","type":"UPDATE_FUNCTION","request":{"@type":"type.googleapis.com/google.cloud.functions.v1.CloudFunction","name":"projects/suggestoons-app/locations/us-central1/functions/getTokens","httpsTrigger":{"url":"https://us-central1-suggestoons-app.cloudfunctions.net/getTokens","securityLevel":"SECURE_ALWAYS"},"status":"ACTIVE","entryPoint":"getTokens","updateTime":"2023-04-24T15:32:25.714Z","versionId":"6","labels":{"deployment-tool":"cli-firebase","firebase-functions-hash":"f2d156a1057da768d7e8a78c316e849ed145b002"},"sourceUploadUrl":"https://storage.googleapis.com/uploads-125602722908.us-central1.cloudfunctions.appspot.com/60d717d5-6bf7-4f4b-9b3c-010ba1422a43.zip?GoogleAccessId=service-241615938941@gcf-admin-robot.iam.gserviceaccount.com&Expires=1682352729&Signature=E5Ixq6FRkWZytupUWQF5DojTJge65v0GAWhT16oyns%2FqLtILbVATymcFKsMiCdTIA2juXAt1HSzgGS1vB1xDAbiM0N9%2BwnbYaHOJdsma%2BRVvSjzpAdTTrJgoetsq8w8%2F7znnxFNTqQTFJgEWkJAaLN7FTqtLHt4XTlPxqzYBCZ7CjHzM0VzveDFZHOBwQScsoD%2B4Hybc%2FcvME3wqdMnbAtuAPqPkXFCxdKYEoYB81QrCDOuAmwOkvlHiPozFKjT3%2BLPU0SidyTLen3PV3bPMGbSQxcb%2Fzr8D8rK%2FPmtFkNo%2FRpktzEFSlb8vFGIEPonr2kLU5pivdnCgxHSKRxwgtQ%3D%3D","environmentVariables":{"FIREBASE_CONFIG":"{\"projectId\":\"suggestoons-app\",\"databaseURL\":\"https://suggestoons-app-default-rtdb.firebaseio.com\",\"storageBucket\":\"suggestoons-app.appspot.com\",\"locationId\":\"us-central\"}","GCLOUD_PROJECT":"suggestoons-app","EVENTARC_CLOUD_EVENT_SOURCE":"projects/suggestoons-app/locations/us-central1/functions/getTokens"},"runtime":"nodejs16","buildId":"c2523ca5-33c0-459b-acba-ecc8a25c6b55","buildName":"projects/241615938941/locations/us-central1/builds/c2523ca5-33c0-459b-acba-ecc8a25c6b55","dockerRegistry":"ARTIFACT_REGISTRY"},"versionId":"7","updateTime":"2023-04-24T15:42:10Z","buildId":"1255655d-e204-498c-b7eb-07c8080dbb55","sourceToken":"3868238a-e399-4237-ac1d-f2c797ed8cdf","buildName":"projects/241615938941/locations/us-central1/builds/1255655d-e204-498c-b7eb-07c8080dbb55"}}
[debug] [2023-04-24T15:43:07.583Z] Got source token 3868238a-e399-4237-ac1d-f2c797ed8cdf for region us-central1
[debug] [2023-04-24T15:43:17.597Z] [update-default-us-central1-getTokens] Retrying task index 0
[debug] [2023-04-24T15:43:17.598Z] >>> [apiv2][query] GET https://cloudfunctions.googleapis.com/v1/operations/c3VnZ2VzdG9vbnMtYXBwL3VzLWNlbnRyYWwxL2dldFRva2Vucy9YX3RTNmRWY3V2OA [none]
[debug] [2023-04-24T15:43:17.785Z] <<< [apiv2][status] GET https://cloudfunctions.googleapis.com/v1/operations/c3VnZ2VzdG9vbnMtYXBwL3VzLWNlbnRyYWwxL2dldFRva2Vucy9YX3RTNmRWY3V2OA 200
[debug] [2023-04-24T15:43:17.785Z] <<< [apiv2][body] GET https://cloudfunctions.googleapis.com/v1/operations/c3VnZ2VzdG9vbnMtYXBwL3VzLWNlbnRyYWwxL2dldFRva2Vucy9YX3RTNmRWY3V2OA {"name":"operations/c3VnZ2VzdG9vbnMtYXBwL3VzLWNlbnRyYWwxL2dldFRva2Vucy9YX3RTNmRWY3V2OA","metadata":{"@type":"type.googleapis.com/google.cloud.functions.v1.OperationMetadataV1","target":"projects/suggestoons-app/locations/us-central1/functions/getTokens","type":"UPDATE_FUNCTION","request":{"@type":"type.googleapis.com/google.cloud.functions.v1.CloudFunction","name":"projects/suggestoons-app/locations/us-central1/functions/getTokens","httpsTrigger":{"url":"https://us-central1-suggestoons-app.cloudfunctions.net/getTokens","securityLevel":"SECURE_ALWAYS"},"status":"ACTIVE","entryPoint":"getTokens","updateTime":"2023-04-24T15:32:25.714Z","versionId":"6","labels":{"deployment-tool":"cli-firebase","firebase-functions-hash":"f2d156a1057da768d7e8a78c316e849ed145b002"},"sourceUploadUrl":"https://storage.googleapis.com/uploads-125602722908.us-central1.cloudfunctions.appspot.com/60d717d5-6bf7-4f4b-9b3c-010ba1422a43.zip?GoogleAccessId=service-241615938941@gcf-admin-robot.iam.gserviceaccount.com&Expires=1682352729&Signature=E5Ixq6FRkWZytupUWQF5DojTJge65v0GAWhT16oyns%2FqLtILbVATymcFKsMiCdTIA2juXAt1HSzgGS1vB1xDAbiM0N9%2BwnbYaHOJdsma%2BRVvSjzpAdTTrJgoetsq8w8%2F7znnxFNTqQTFJgEWkJAaLN7FTqtLHt4XTlPxqzYBCZ7CjHzM0VzveDFZHOBwQScsoD%2B4Hybc%2FcvME3wqdMnbAtuAPqPkXFCxdKYEoYB81QrCDOuAmwOkvlHiPozFKjT3%2BLPU0SidyTLen3PV3bPMGbSQxcb%2Fzr8D8rK%2FPmtFkNo%2FRpktzEFSlb8vFGIEPonr2kLU5pivdnCgxHSKRxwgtQ%3D%3D","environmentVariables":{"FIREBASE_CONFIG":"{\"projectId\":\"suggestoons-app\",\"databaseURL\":\"https://suggestoons-app-default-rtdb.firebaseio.com\",\"storageBucket\":\"suggestoons-app.appspot.com\",\"locationId\":\"us-central\"}","GCLOUD_PROJECT":"suggestoons-app","EVENTARC_CLOUD_EVENT_SOURCE":"projects/suggestoons-app/locations/us-central1/functions/getTokens"},"runtime":"nodejs16","buildId":"c2523ca5-33c0-459b-acba-ecc8a25c6b55","buildName":"projects/241615938941/locations/us-central1/builds/c2523ca5-33c0-459b-acba-ecc8a25c6b55","dockerRegistry":"ARTIFACT_REGISTRY"},"versionId":"7","updateTime":"2023-04-24T15:43:09Z","buildId":"1255655d-e204-498c-b7eb-07c8080dbb55","sourceToken":"3868238a-e399-4237-ac1d-f2c797ed8cdf","buildName":"projects/241615938941/locations/us-central1/builds/1255655d-e204-498c-b7eb-07c8080dbb55"},"done":true,"error":{"code":3,"message":"Function failed on loading user code. This is likely due to a bug in the user code. Error message: Provided module can't be loaded.\nDid you list all required modules in the package.json dependencies?\nDetailed stack trace: Error: Cannot find module 'spotify-web-api-node'\nRequire stack:\n- /workspace/index.js\n- /layers/google.nodejs.functions-framework/functions-framework/node_modules/@google-cloud/functions-framework/build/src/loader.js\n- /layers/google.nodejs.functions-framework/functions-framework/node_modules/@google-cloud/functions-framework/build/src/main.js\n    at Function.Module._resolveFilename (node:internal/modules/cjs/loader:1021:15)\n    at Function.Module._load (node:internal/modules/cjs/loader:866:27)\n    at Module.require (node:internal/modules/cjs/loader:1093:19)\n    at require (node:internal/modules/cjs/helpers:108:18)\n    at Object.<anonymous> (/workspace/index.js:3:23)\n    at Module._compile (node:internal/modules/cjs/loader:1191:14)\n    at Object.Module._extensions..js (node:internal/modules/cjs/loader:1245:10)\n    at Module.load (node:internal/modules/cjs/loader:1069:32)\n    at Function.Module._load (node:internal/modules/cjs/loader:904:12)\n    at Module.require (node:internal/modules/cjs/loader:1093:19)\nCould not load the function, shutting down.\n. Please visit https://cloud.google.com/functions/docs/troubleshooting for in-depth troubleshooting documentation."}}
[debug] [2023-04-24T15:43:17.786Z] Got source token 3868238a-e399-4237-ac1d-f2c797ed8cdf for region us-central1
[error] Function failed on loading user code. This is likely due to a bug in the user code. Error message: Provided module can't be loaded.
Did you list all required modules in the package.json dependencies?
Detailed stack trace: Error: Cannot find module 'spotify-web-api-node'
Require stack:
- /workspace/index.js
- /layers/google.nodejs.functions-framework/functions-framework/node_modules/@google-cloud/functions-framework/build/src/loader.js
- /layers/google.nodejs.functions-framework/functions-framework/node_modules/@google-cloud/functions-framework/build/src/main.js
    at Function.Module._resolveFilename (node:internal/modules/cjs/loader:1021:15)
    at Function.Module._load (node:internal/modules/cjs/loader:866:27)
    at Module.require (node:internal/modules/cjs/loader:1093:19)
    at require (node:internal/modules/cjs/helpers:108:18)
    at Object.<anonymous> (/workspace/index.js:3:23)
    at Module._compile (node:internal/modules/cjs/loader:1191:14)
    at Object.Module._extensions..js (node:internal/modules/cjs/loader:1245:10)
    at Module.load (node:internal/modules/cjs/loader:1069:32)
    at Function.Module._load (node:internal/modules/cjs/loader:904:12)
    at Module.require (node:internal/modules/cjs/loader:1093:19)
Could not load the function, shutting down.
. Please visit https://cloud.google.com/functions/docs/troubleshooting for in-depth troubleshooting documentation.
[debug] [2023-04-24T15:43:17.801Z] Total Function Deployment time: 68831
[debug] [2023-04-24T15:43:17.801Z] 1 Functions Deployed
[debug] [2023-04-24T15:43:17.802Z] 1 Functions Errored
[debug] [2023-04-24T15:43:17.802Z] 0 Function Deployments Aborted
[debug] [2023-04-24T15:43:17.802Z] Average Function Deployment time: 68828
[info] 
[info] Functions deploy had errors with the following functions:
	getTokens(us-central1)
[debug] [2023-04-24T15:43:17.807Z] Not printing URL for HTTPS function. Typically this means it didn't match a filter or we failed deployment
[info] i  functions: cleaning up build files... 
[debug] [2023-04-24T15:43:17.812Z] >>> [apiv2][query] DELETE https://artifactregistry.googleapis.com/v1beta2/projects/suggestoons-app/locations/us-central1/repositories/gcf-artifacts/packages/get_tokens [none]
[debug] [2023-04-24T15:43:17.815Z] >>> [apiv2][query] GET https://us.gcr.io/v2/suggestoons-app/gcf/us-central1/tags/list [none]
[debug] [2023-04-24T15:43:18.079Z] <<< [apiv2][status] GET https://us.gcr.io/v2/suggestoons-app/gcf/us-central1/tags/list 200
[debug] [2023-04-24T15:43:18.079Z] <<< [apiv2][body] GET https://us.gcr.io/v2/suggestoons-app/gcf/us-central1/tags/list {"child":[],"manifest":{},"name":"suggestoons-app/gcf/us-central1","tags":[]}
[debug] [2023-04-24T15:43:18.079Z] Could not find image for function projects/suggestoons-app/locations/us-central1/functions/getTokens
[debug] [2023-04-24T15:43:18.176Z] <<< [apiv2][status] DELETE https://artifactregistry.googleapis.com/v1beta2/projects/suggestoons-app/locations/us-central1/repositories/gcf-artifacts/packages/get_tokens 200
[debug] [2023-04-24T15:43:18.176Z] <<< [apiv2][body] DELETE https://artifactregistry.googleapis.com/v1beta2/projects/suggestoons-app/locations/us-central1/repositories/gcf-artifacts/packages/get_tokens {"name":"projects/suggestoons-app/locations/us-central1/operations/bcb9bbbf-cb02-4470-a980-32f874bd0629","metadata":{"@type":"type.googleapis.com/google.devtools.artifactregistry.v1beta2.OperationMetadata"}}
[debug] [2023-04-24T15:43:18.177Z] >>> [apiv2][query] GET https://artifactregistry.googleapis.com/v1beta2/projects/suggestoons-app/locations/us-central1/operations/bcb9bbbf-cb02-4470-a980-32f874bd0629 [none]
[debug] [2023-04-24T15:43:18.497Z] <<< [apiv2][status] GET https://artifactregistry.googleapis.com/v1beta2/projects/suggestoons-app/locations/us-central1/operations/bcb9bbbf-cb02-4470-a980-32f874bd0629 200
[debug] [2023-04-24T15:43:18.498Z] <<< [apiv2][body] GET https://artifactregistry.googleapis.com/v1beta2/projects/suggestoons-app/locations/us-central1/operations/bcb9bbbf-cb02-4470-a980-32f874bd0629 {"name":"projects/suggestoons-app/locations/us-central1/operations/bcb9bbbf-cb02-4470-a980-32f874bd0629","metadata":{"@type":"type.googleapis.com/google.devtools.artifactregistry.v1beta2.OperationMetadata"},"done":true,"response":{"@type":"type.googleapis.com/google.protobuf.Empty"}}
[debug] [2023-04-24T15:43:18.498Z] Functions deploy failed.
[debug] [2023-04-24T15:43:18.499Z] {
  "endpoint": {
    "id": "getTokens",
    "project": "suggestoons-app",
    "region": "us-central1",
    "entryPoint": "getTokens",
    "platform": "gcfv1",
    "runtime": "nodejs16",
    "httpsTrigger": {},
    "serviceAccount": null,
    "ingressSettings": null,
    "availableMemoryMb": null,
    "timeoutSeconds": null,
    "maxInstances": null,
    "minInstances": null,
    "vpc": null,
    "environmentVariables": {
      "FIREBASE_CONFIG": "{\"projectId\":\"suggestoons-app\",\"databaseURL\":\"https://suggestoons-app-default-rtdb.firebaseio.com\",\"storageBucket\":\"suggestoons-app.appspot.com\",\"locationId\":\"us-central\"}",
      "GCLOUD_PROJECT": "suggestoons-app",
      "EVENTARC_CLOUD_EVENT_SOURCE": "projects/suggestoons-app/locations/us-central1/functions/getTokens"
    },
    "codebase": "default",
    "securityLevel": "SECURE_ALWAYS",
    "targetedByOnly": false,
    "hash": "f2d156a1057da768d7e8a78c316e849ed145b002",
    "labels": {
      "deployment-tool": "cli-firebase"
    }
  },
  "op": "update",
  "original": {
    "name": "FirebaseError",
    "children": [],
    "exit": 1,
    "message": "Function failed on loading user code. This is likely due to a bug in the user code. Error message: Provided module can't be loaded.\nDid you list all required modules in the package.json dependencies?\nDetailed stack trace: Error: Cannot find module 'spotify-web-api-node'\nRequire stack:\n- /workspace/index.js\n- /layers/google.nodejs.functions-framework/functions-framework/node_modules/@google-cloud/functions-framework/build/src/loader.js\n- /layers/google.nodejs.functions-framework/functions-framework/node_modules/@google-cloud/functions-framework/build/src/main.js\n    at Function.Module._resolveFilename (node:internal/modules/cjs/loader:1021:15)\n    at Function.Module._load (node:internal/modules/cjs/loader:866:27)\n    at Module.require (node:internal/modules/cjs/loader:1093:19)\n    at require (node:internal/modules/cjs/helpers:108:18)\n    at Object.<anonymous> (/workspace/index.js:3:23)\n    at Module._compile (node:internal/modules/cjs/loader:1191:14)\n    at Object.Module._extensions..js (node:internal/modules/cjs/loader:1245:10)\n    at Module.load (node:internal/modules/cjs/loader:1069:32)\n    at Function.Module._load (node:internal/modules/cjs/loader:904:12)\n    at Module.require (node:internal/modules/cjs/loader:1093:19)\nCould not load the function, shutting down.\n. Please visit https://cloud.google.com/functions/docs/troubleshooting for in-depth troubleshooting documentation.",
    "status": 3
  }
}
[debug] [2023-04-24T15:43:18.501Z] Error: Failed to update function getTokens in region us-central1
    at C:\Users\Connor Herfurth\AppData\Roaming\npm\node_modules\firebase-tools\lib\deploy\functions\release\fabricator.js:48:11
    at process.processTicksAndRejections (node:internal/process/task_queues:95:5)
    at async Fabricator.updateV1Function (C:\Users\Connor Herfurth\AppData\Roaming\npm\node_modules\firebase-tools\lib\deploy\functions\release\fabricator.js:323:32)
    at async Fabricator.updateEndpoint (C:\Users\Connor Herfurth\AppData\Roaming\npm\node_modules\firebase-tools\lib\deploy\functions\release\fabricator.js:147:13)
    at async handle (C:\Users\Connor Herfurth\AppData\Roaming\npm\node_modules\firebase-tools\lib\deploy\functions\release\fabricator.js:85:17)
[error] 
[error] Error: There was an error deploying functions
